[debug] [2025-10-31T10:44:28.369Z] ----------------------------------------------------------------------
[debug] [2025-10-31T10:44:28.374Z] Command:       C:\Program Files\nodejs\node.exe C:\Users\david\AppData\Roaming\npm\node_modules\firebase-tools\lib\bin\firebase.js init
[debug] [2025-10-31T10:44:28.375Z] CLI Version:   14.3.1
[debug] [2025-10-31T10:44:28.375Z] Platform:      win32
[debug] [2025-10-31T10:44:28.375Z] Node Version:  v22.15.0
[debug] [2025-10-31T10:44:28.378Z] Time:          Fri Oct 31 2025 10:44:28 GMT+0000 (Greenwich Mean Time)
[debug] [2025-10-31T10:44:28.378Z] ----------------------------------------------------------------------
[debug] 
[debug] [2025-10-31T10:44:28.397Z] > command requires scopes: ["email","openid","https://www.googleapis.com/auth/cloudplatformprojects.readonly","https://www.googleapis.com/auth/firebase","https://www.googleapis.com/auth/cloud-platform"]
[debug] [2025-10-31T10:44:28.398Z] > authorizing via signed-in user (lvmmearth@gmail.com)
[info] 
     ######## #### ########  ######## ########     ###     ######  ########
     ##        ##  ##     ## ##       ##     ##  ##   ##  ##       ##
     ######    ##  ########  ######   ########  #########  ######  ######
     ##        ##  ##    ##  ##       ##     ## ##     ##       ## ##
     ##       #### ##     ## ######## ########  ##     ##  ######  ########

You're about to initialize a Firebase project in this directory:

  C:\Users\david\OneDrive\Desktop\7770\READY TO SHIP\forstersllp\new

[info] 
=== Project Setup
[info] 
[info] First, let's associate this project directory with a Firebase project.
[info] You can create multiple project aliases by running firebase use --add, 
[info] but for now we'll just set up a default project.
[info] 
[debug] [2025-10-31T10:44:44.394Z] Checked if tokens are valid: true, expires at: 1761911045226
[debug] [2025-10-31T10:44:44.395Z] Checked if tokens are valid: true, expires at: 1761911045226
[debug] [2025-10-31T10:44:44.397Z] >>> [apiv2][query] GET https://firebase.googleapis.com/v1beta1/projects pageSize=100
[debug] [2025-10-31T10:44:45.638Z] <<< [apiv2][status] GET https://firebase.googleapis.com/v1beta1/projects 200
[debug] [2025-10-31T10:44:45.638Z] <<< [apiv2][body] GET https://firebase.googleapis.com/v1beta1/projects [omitted]
[debug] [2025-10-31T10:47:21.116Z] ----------------------------------------------------------------------
[debug] [2025-10-31T10:47:21.121Z] Command:       C:\Program Files\nodejs\node.exe C:\Users\david\AppData\Roaming\npm\node_modules\firebase-tools\lib\bin\firebase.js init
[debug] [2025-10-31T10:47:21.121Z] CLI Version:   14.3.1
[debug] [2025-10-31T10:47:21.122Z] Platform:      win32
[debug] [2025-10-31T10:47:21.122Z] Node Version:  v22.15.0
[debug] [2025-10-31T10:47:21.124Z] Time:          Fri Oct 31 2025 10:47:21 GMT+0000 (Greenwich Mean Time)
[debug] [2025-10-31T10:47:21.125Z] ----------------------------------------------------------------------
[debug] 
[debug] [2025-10-31T10:47:21.142Z] > command requires scopes: ["email","openid","https://www.googleapis.com/auth/cloudplatformprojects.readonly","https://www.googleapis.com/auth/firebase","https://www.googleapis.com/auth/cloud-platform"]
[debug] [2025-10-31T10:47:21.145Z] > authorizing via signed-in user (lvmmearth@gmail.com)
[info] 
     ######## #### ########  ######## ########     ###     ######  ########
     ##        ##  ##     ## ##       ##     ##  ##   ##  ##       ##
     ######    ##  ########  ######   ########  #########  ######  ######
     ##        ##  ##    ##  ##       ##     ## ##     ##       ## ##
     ##       #### ##     ## ######## ########  ##     ##  ######  ########

You're about to initialize a Firebase project in this directory:

  C:\Users\david\OneDrive\Desktop\7770\READY TO SHIP\forstersllp\new

[info] 
=== Project Setup
[info] 
[info] First, let's associate this project directory with a Firebase project.
[info] You can create multiple project aliases by running firebase use --add, 
[info] but for now we'll just set up a default project.
[info] 
[debug] [2025-10-31T10:47:27.784Z] Checked if tokens are valid: true, expires at: 1761911045226
[debug] [2025-10-31T10:47:27.785Z] Checked if tokens are valid: true, expires at: 1761911045226
[debug] [2025-10-31T10:47:27.787Z] >>> [apiv2][query] GET https://firebase.googleapis.com/v1beta1/projects pageSize=100
[debug] [2025-10-31T10:47:28.951Z] <<< [apiv2][status] GET https://firebase.googleapis.com/v1beta1/projects 200
[debug] [2025-10-31T10:47:28.952Z] <<< [apiv2][body] GET https://firebase.googleapis.com/v1beta1/projects [omitted]
[debug] [2025-10-31T11:03:21.880Z] ----------------------------------------------------------------------
[debug] [2025-10-31T11:03:21.889Z] Command:       C:\Program Files\nodejs\node.exe C:\Users\david\AppData\Roaming\npm\node_modules\firebase-tools\lib\bin\firebase.js init
[debug] [2025-10-31T11:03:21.891Z] CLI Version:   14.3.1
[debug] [2025-10-31T11:03:21.891Z] Platform:      win32
[debug] [2025-10-31T11:03:21.892Z] Node Version:  v22.15.0
[debug] [2025-10-31T11:03:21.896Z] Time:          Fri Oct 31 2025 11:03:21 GMT+0000 (Greenwich Mean Time)
[debug] [2025-10-31T11:03:21.897Z] ----------------------------------------------------------------------
[debug] 
[debug] [2025-10-31T11:03:21.923Z] > command requires scopes: ["email","openid","https://www.googleapis.com/auth/cloudplatformprojects.readonly","https://www.googleapis.com/auth/firebase","https://www.googleapis.com/auth/cloud-platform"]
[debug] [2025-10-31T11:03:21.925Z] > authorizing via signed-in user (lvmmearth@gmail.com)
[info] 
     ######## #### ########  ######## ########     ###     ######  ########
     ##        ##  ##     ## ##       ##     ##  ##   ##  ##       ##
     ######    ##  ########  ######   ########  #########  ######  ######
     ##        ##  ##    ##  ##       ##     ## ##     ##       ## ##
     ##       #### ##     ## ######## ########  ##     ##  ######  ########

You're about to initialize a Firebase project in this directory:

  C:\Users\david\OneDrive\Desktop\7770\READY TO SHIP\forstersllp\new

[info] 
=== Project Setup
[info] 
[info] First, let's associate this project directory with a Firebase project.
[info] You can create multiple project aliases by running firebase use --add, 
[info] but for now we'll just set up a default project.
[info] 
[debug] [2025-10-31T11:24:55.825Z] Checked if tokens are valid: true, expires at: 1761911045226
[debug] [2025-10-31T11:24:55.826Z] Checked if tokens are valid: true, expires at: 1761911045226
[debug] [2025-10-31T11:24:55.828Z] >>> [apiv2][query] GET https://firebase.googleapis.com/v1beta1/projects pageSize=100
[debug] [2025-10-31T11:24:56.866Z] <<< [apiv2][status] GET https://firebase.googleapis.com/v1beta1/projects 200
[debug] [2025-10-31T11:24:56.866Z] <<< [apiv2][body] GET https://firebase.googleapis.com/v1beta1/projects [omitted]
